2026-04-30 01:11:06 | INFO | User 'user' logged in as User
2026-04-30 01:11:19 | INFO | [user] uploaded sample_transactions.csv (100 rows)
2026-04-30 01:11:19 | INFO | [user] pipeline OK: Isolation Forest on sample_transactions.csv
2026-04-30 01:14:40 | INFO | [user] uploaded sample_transactions.csv (100 rows)
2026-04-30 01:14:40 | INFO | [user] pipeline OK: Autoencoder on sample_transactions.csv
2026-04-30 09:26:30 | INFO | User 'user' logged in as User
2026-04-30 11:48:57 | INFO | User 'user' logged in as User
2026-04-30 12:19:26 | INFO | User 'user' logged in as User
2026-04-30 12:19:55 | WARNING | Failed login attempt: username=None
2026-04-30 12:20:10 | WARNING | Failed login attempt: username=None
2026-04-30 12:20:16 | WARNING | Failed login attempt: username=None
2026-04-30 12:20:54 | INFO | [user] uploaded bank_transactions_data_2.csv (2512 rows)
2026-04-30 12:20:55 | INFO | [user] pipeline OK: Isolation Forest on bank_transactions_data_2.csv
2026-04-30 12:22:19 | INFO | [user] uploaded bank_transactions_data_2.csv (2512 rows)
2026-04-30 12:22:19 | INFO | [user] pipeline OK: Autoencoder on bank_transactions_data_2.csv
2026-04-30 12:23:56 | INFO | User 'admin' logged in as Admin
2026-04-30 12:26:14 | ERROR | [admin] retraining failed: Expected state_dict to be dict-like, got <class 'NoneType'>.
2026-04-30 13:50:17 | INFO | User 'admin' logged in as Admin
2026-04-30 13:50:48 | ERROR | [admin] retraining failed: Expected state_dict to be dict-like, got <class 'NoneType'>.
2026-04-30 13:56:36 | INFO | [admin] retrained models on 100 new rows
2026-04-30 14:06:25 | ERROR | Upload AI_Symptom_Checker_Dataset.csv missing columns: ['TransactionID', 'AccountID', 'TransactionAmount', 'TransactionDate', 'TransactionType', 'Location', 'DeviceID', 'IP Address', 'MerchantID', 'Channel', 'CustomerAge', 'CustomerOccupation', 'TransactionDuration', 'LoginAttempts', 'AccountBalance', 'PreviousTransactionDate']
2026-04-30 14:19:11 | ERROR | Upload AI_Symptom_Checker_Dataset.csv missing columns: ['TransactionID', 'AccountID', 'TransactionAmount', 'TransactionDate', 'TransactionType', 'Location', 'DeviceID', 'IP Address', 'MerchantID', 'Channel', 'CustomerAge', 'CustomerOccupation', 'TransactionDuration', 'LoginAttempts', 'AccountBalance', 'PreviousTransactionDate']
2026-04-30 14:19:20 | WARNING | Failed login attempt: username=None
2026-04-30 16:53:09 | WARNING | Failed login attempt: username=None
2026-04-30 16:53:14 | WARNING | Failed login attempt: username=None
2026-04-30 16:54:30 | WARNING | Failed login attempt: username=None
2026-04-30 16:54:38 | INFO | User 'user' logged in as User
2026-04-30 16:55:12 | INFO | [user] uploaded bank_transactions_data_2.csv (2512 rows)
2026-04-30 16:55:13 | INFO | [user] pipeline OK: Isolation Forest on bank_transactions_data_2.csv
2026-04-30 17:03:26 | WARNING | Failed login attempt: username=None
2026-04-30 17:03:31 | INFO | User 'user' logged in as User
2026-04-30 17:03:49 | INFO | [user] uploaded bank_transactions_data_2.csv (2512 rows)
2026-04-30 17:03:50 | INFO | [user] pipeline OK: Isolation Forest on bank_transactions_data_2.csv
2026-04-30 17:06:27 | INFO | [user] uploaded bank_transactions_data_2.csv (2512 rows)
2026-04-30 17:06:27 | INFO | [user] pipeline OK: Autoencoder on bank_transactions_data_2.csv
2026-04-30 17:08:09 | INFO | User 'admin' logged in as Admin
2026-04-30 17:10:18 | INFO | [admin] retrained models on 100 new rows
2026-04-30 17:10:42 | INFO | [admin] discarded retrained models
2026-04-30 17:11:28 | INFO | [admin] retrained models on 100 new rows
2026-04-30 17:11:36 | INFO | [admin] committed retrained models. Backup: C:\FinalYearProject\models\saved_models\_backups\backup_20260430_171136
2026-04-30 17:12:01 | INFO | [admin] uploaded sample_transactions.csv (100 rows)
2026-04-30 17:12:02 | INFO | [admin] pipeline OK: Isolation Forest on sample_transactions.csv
2026-04-30 17:23:06 | INFO | User 'admin' logged in as Admin
2026-04-30 17:23:42 | INFO | User 'user' logged in as User
2026-04-30 17:24:01 | INFO | [user] uploaded bank_transactions_data_2.csv (2512 rows)
2026-04-30 17:24:02 | INFO | [user] pipeline OK: Isolation Forest on bank_transactions_data_2.csv
2026-04-30 17:26:17 | INFO | [user] uploaded bank_transactions_data_2.csv (2512 rows)
2026-04-30 17:26:18 | INFO | [user] pipeline OK: Autoencoder on bank_transactions_data_2.csv
2026-04-30 17:27:49 | WARNING | Failed login attempt: username=None
2026-04-30 17:30:02 | INFO | [admin] retrained models on 100 new rows
2026-04-30 22:28:12 | INFO | User 'admin' logged in as Admin
2026-04-30 22:28:49 | INFO | User 'admin' logged in as Admin
2026-04-30 22:29:32 | INFO | User 'admin' logged in as Admin
